


materialPath: C:\Program Files (x86)\Steam\steamapps\common\Counter-Strike Global Offensive\csgo\materials
Loading c:\users\quinn\projects\csgo\de_patrica\de_fresco.vmf
Map revision 6847
Can't find surfaceprop stone for material DE_MIRAGE/GROUND/DE_MIRAGE_GROUND_TRIM_VER1_DIFFUSE, using default
Patching WVT material: maps/de_fresco/plaster/hr_p/venice/plaster_orange_2_blend_wvt_patch
Patching WVT material: maps/de_fresco/brick/hr_brick/inferno/brick_m_blend_wvt_patch
Patching WVT material: maps/de_fresco/de_aztec/hr_aztec/hr_aztec_blend_paver2-dirt4_wvt_patch
Patching WVT material: maps/de_fresco/de_dust/hr_dust/hr_dust_blend_plaster_white_01b2_wvt_patch
Patching WVT material: maps/de_fresco/brick/hr_brick/venice/brick_ground_a_blend_wvt_patch
Patching WVT material: maps/de_fresco/de_dust/hr_dust/hr_dust_blend_asphalt_07_wvt_patch
Patching WVT material: maps/de_fresco/de_aztec/hr_aztec/hr_aztec_blend_wall_stone_04_white-plaster_wvt_patch
Patching WVT material: maps/de_fresco/de_dust/hr_dust/hr_dust_blend_rollupdoor_metal_01_red_wvt_patch
Patching WVT material: maps/de_fresco/plaster/hr_p/venice/plaster_red_blend_wvt_patch
Patching WVT material: maps/de_fresco/asphalt/asphalt_b1_blend_wvt_patch
Patching WVT material: maps/de_fresco/hr_massive/town_plaster_2_blend_1_wvt_patch
Patching WVT material: maps/de_fresco/plaster/hr_p/inferno/plaster_i_blend_wvt_patch
Patching WVT material: maps/de_fresco/de_aztec/hr_aztec/hr_aztec_blend_wall_stone_01_grey-plaster_01_wvt_patch
Patching WVT material: maps/de_fresco/de_dust/hr_dust/hr_dust_blend_rollupdoor_metal_03_red_wvt_patch
Patching WVT material: maps/de_fresco/hr_massive/broken_road_1_blend_4_wvt_patch
Patching WVT material: maps/de_fresco/de_dust/hr_dust/hr_dust_blend_plaster_white_01c_wvt_patch
Patching WVT material: maps/de_fresco/plaster/hr_p/venice/plaster_brown_blend_wvt_patch
fixing up env_cubemap materials on brush sides...
0...1...2...3...4...5...6...7...8...9...100...1...2...3...4...5...6...7...8...9...10Processing areas...done (0)
Building Faces...done (0)
Chop Details...done (0)
Find Visible Detail Sides...
Merged 142 detail faces...done (0)
Merging details...done (0)
FixTjuncs...
PruneNodes...
WriteBSP...
NODRAW on terrain surface!
done (1)
writing c:\users\quinn\projects\csgo\de_patrica\de_fresco.prt...Building visibility clusters...
AutoVisClustering (threshold=-1) matched 0 leafs.
done (0)
Finding displacement neighbors...
Finding lightmap sample positions...
Displacement Alpha : 0...1...2...3...4...5...6...7...8...9...10
Building Physics collision data...
done (0) (740572 bytes)
Placing detail props : 0...1...2...3...4...5...6...7...8...9...10
Water found with no water_lod_control entity, creating a default one.
Compacting texture/material tables...
Reduced 6305 texinfos to 3143
Reduced 217 texdatas to 185 (7401 bytes to 5812)
Writing c:\users\quinn\projects\csgo\de_patrica\de_fresco.bsp
MSG_FILEWRITE - Filesystem was asked to write to 'c:\users\quinn\projects\csgo\de_patrica\de_fresco.bsp', but we don't own that location. Allowing...
4 seconds elapsed



24 threads
reading c:\users\quinn\projects\csgo\de_patrica\de_fresco.bsp
reading c:\users\quinn\projects\csgo\de_patrica\de_fresco.prt
1938 portalclusters
6726 numportals
0...1...2...3...4...5...6...7...8...9...10Optimized: 124676 visible clusters (0.00%)
Total clusters visible: 3119850
Average clusters visible: 1609
Building PAS...
Average clusters audible: 1893
visdatasize:936642  compressed from 961248
writing c:\users\quinn\projects\csgo\de_patrica\de_fresco.bsp
MSG_FILEWRITE - Filesystem was asked to write to 'c:\users\quinn\projects\csgo\de_patrica\de_fresco.bsp', but we don't own that location. Allowing...
0 seconds elapsed



[Reading texlights from 'lights.rad']
[40 texlights parsed from 'lights.rad']

Loading c:\users\quinn\projects\csgo\de_patrica\de_fresco.bsp
7906 faces
8 degenerate faces
1553206 square feet [223661664.00 square inches]
215 Displacements
39157 Square Feet [5638751.50 Square Inches]
7898 patches before subdivision
74746 patches after subdivision
5 direct lights
0...1...2...3...4...5...6...7...8...9...100...1...2...3...4...5...6...7...8...9...10transfers 7440446, max 1856
transfer lists:  56.8 megs
0...1...2...3...4...5...6...7...8...9...10	Bounce #1 added RGB(273069, 194556, 171702)
0...1...2...3...4...5...6...7...8...9...10	Bounce #2 added RGB(39076, 19897, 14244)
Build Patch/Sample Hash Table(s).....Done<0.0211 sec>
0...1...2...3...4...5...6...7...8...9...10FinalLightFace Done
0 of 0 (0% of) surface lights went in leaf ambient cubes.
0...1...2...3...4...5...6...7...8...9...10Writing leaf ambient...done
Computing static prop lighting : 00...1...2...3...4...5...6...7...8...9...10
Ready to Finish

Object names       Objects/Maxobjs  Memory / Maxmem  Fullness 
------------       ---------------  ---------------  -------- 
models                  21/1024         1008/49152    ( 2.1%) 
brushes               1873/8192        22476/98304    (22.9%) 
brushsides           14155/81920      113240/655360   (17.3%) 
planes                9554/65536      191080/1310720  (14.6%) 
vertexes             14770/65536      177240/786432   (22.5%) 
nodes                 4236/65536      135552/2097152  ( 6.5%) 
texinfos              3143/12288      226296/884736   (25.6%) 
texdata                185/4096         5920/131072   ( 4.5%) 
dispinfos              215/0           37840/0        ( 0.0%) 
disp_verts           16407/0          328140/0        ( 0.0%) 
disp_tris            25792/0           51584/0        ( 0.0%) 
disp_multiblend          0/0               0/0        ( 0.0%) 
disp_lmsamples      174612/0          174612/0        ( 0.0%) 
faces                 7906/65536      442736/3670016  (12.1%) 
hdr faces                0/65536           0/3670016  ( 0.0%) 
origfaces             5054/65536      283024/3670016  ( 7.7%) 
facebrushes            758/0            1516/0        ( 0.0%) 
facebrushlists        7906/0           31624/0        ( 0.0%) 
leaves                4258/65536      136256/2097152  ( 6.5%) 
leaffaces             9650/65536       19300/131072   (14.7%) 
leafbrushes           6471/65536       12942/131072   ( 9.9%) 
areas                    2/1024           16/8192     ( 0.2%) 
surfedges            59516/512000     238064/2048000  (11.6%) 
edges                37468/256000     149872/1024000  (14.6%) 
LDR worldlights          5/8192          500/819200   ( 0.1%) 
HDR worldlights          0/8192            0/819200   ( 0.0%) 
leafwaterdata            1/32768          12/393216   ( 0.0%) 
waterstrips            844/32768        8440/327680   ( 2.6%) 
waterverts               0/65536           0/786432   ( 0.0%) 
waterindices         18768/65536       37536/131072   (28.6%) 
cubemapsamples           0/1024            0/16384    ( 0.0%) 
overlays                48/1024        16896/360448   ( 4.7%) 
LDR lightdata         [variable]     6618824/0        ( 0.0%) 
HDR lightdata         [variable]           0/0        ( 0.0%) 
visdata               [variable]      936642/16777216 ( 5.6%) 
entdata               [variable]       39409/393216   (10.0%) 
LDR ambient table     4258/65536       17032/262144   ( 6.5%) 
HDR ambient table     4258/65536       17032/262144   ( 6.5%) 
LDR leaf ambient     17571/65536      491988/1835008  (26.8%) 
HDR leaf ambient      4258/65536      119224/1835008  ( 6.5%) 
occluders                0/0               0/0        ( 0.0%) 
occluder polygons        0/0               0/0        ( 0.0%) 
occluder vert ind        0/0               0/0        ( 0.0%) 
detail props          [variable]           1/12       ( 8.3%) 
static props          [variable]           1/178808   ( 0.0%) 
pakfile               [variable]    17810245/0        ( 0.0%) 
physics               [variable]      740572/4194304  (17.7%) 
physics terrain       [variable]       15275/1048576  ( 1.5%) 

Level flags = 7d

Total triangle count: 23660
Writing c:\users\quinn\projects\csgo\de_patrica\de_fresco.bsp
MSG_FILEWRITE - Filesystem was asked to write to 'c:\users\quinn\projects\csgo\de_patrica\de_fresco.bsp', but we don't own that location. Allowing...
2 minutes, 10 seconds elapsed



materialPath: C:\Program Files (x86)\Steam\steamapps\common\Counter-Strike Global Offensive\csgo\materials
Loading c:\users\quinn\projects\csgo\de_patrica\de_fresco.vmf
Map revision 6956
Can't find surfaceprop stone for material DE_MIRAGE/GROUND/DE_MIRAGE_GROUND_TRIM_VER1_DIFFUSE, using default
Patching WVT material: maps/de_fresco/brick/hr_brick/inferno/brick_m_blend_wvt_patch
Patching WVT material: maps/de_fresco/plaster/hr_p/venice/plaster_orange_2_blend_wvt_patch
Patching WVT material: maps/de_fresco/de_aztec/hr_aztec/hr_aztec_blend_paver2-dirt4_wvt_patch
Patching WVT material: maps/de_fresco/de_dust/hr_dust/hr_dust_blend_plaster_white_01b2_wvt_patch
Patching WVT material: maps/de_fresco/brick/hr_brick/venice/brick_ground_a_blend_wvt_patch
Patching WVT material: maps/de_fresco/de_dust/hr_dust/hr_dust_blend_asphalt_07_wvt_patch
Patching WVT material: maps/de_fresco/de_aztec/hr_aztec/hr_aztec_blend_wall_stone_04_white-plaster_wvt_patch
Patching WVT material: maps/de_fresco/de_dust/hr_dust/hr_dust_blend_rollupdoor_metal_01_red_wvt_patch
Patching WVT material: maps/de_fresco/plaster/hr_p/venice/plaster_red_blend_wvt_patch
Patching WVT material: maps/de_fresco/asphalt/asphalt_b1_blend_wvt_patch
Patching WVT material: maps/de_fresco/hr_massive/town_plaster_2_blend_1_wvt_patch
Patching WVT material: maps/de_fresco/plaster/hr_p/inferno/plaster_i_blend_wvt_patch
Patching WVT material: maps/de_fresco/de_aztec/hr_aztec/hr_aztec_blend_wall_stone_01_grey-plaster_01_wvt_patch
Patching WVT material: maps/de_fresco/de_dust/hr_dust/hr_dust_blend_rollupdoor_metal_03_red_wvt_patch
Patching WVT material: maps/de_fresco/hr_massive/broken_road_1_blend_4_wvt_patch
Patching WVT material: maps/de_fresco/de_dust/hr_dust/hr_dust_blend_plaster_white_01c_wvt_patch
Patching WVT material: maps/de_fresco/plaster/hr_p/venice/plaster_brown_blend_wvt_patch
fixing up env_cubemap materials on brush sides...
0...1...2...3...4...5...6...7...8...9...100...1...2...3...4...5...6...7...8...9...10Processing areas...done (0)
Building Faces...done (0)
Chop Details...done (0)
Find Visible Detail Sides...
Merged 144 detail faces...done (0)
Merging details...done (0)
FixTjuncs...
PruneNodes...
WriteBSP...
NODRAW on terrain surface!
done (0)
writing c:\users\quinn\projects\csgo\de_patrica\de_fresco.prt...Building visibility clusters...
AutoVisClustering (threshold=-1) matched 0 leafs.
done (1)
Finding displacement neighbors...
Finding lightmap sample positions...
Displacement Alpha : 0...1...2...3...4...5...6...7...8...9...10
Building Physics collision data...
done (0) (607159 bytes)
Placing detail props : 0...1...2...3...4...5...6...7...8...9...10
Water found with no water_lod_control entity, creating a default one.
Compacting texture/material tables...
Reduced 5988 texinfos to 3128
Reduced 216 texdatas to 182 (7489 bytes to 5780)
Writing c:\users\quinn\projects\csgo\de_patrica\de_fresco.bsp
MSG_FILEWRITE - Filesystem was asked to write to 'c:\users\quinn\projects\csgo\de_patrica\de_fresco.bsp', but we don't own that location. Allowing...
3 seconds elapsed



24 threads
reading c:\users\quinn\projects\csgo\de_patrica\de_fresco.bsp
reading c:\users\quinn\projects\csgo\de_patrica\de_fresco.prt
1947 portalclusters
6777 numportals
0...1...2...3...4...5...6...7...8...9...10Optimized: 127351 visible clusters (0.00%)
Total clusters visible: 3139116
Average clusters visible: 1612
Building PAS...
Average clusters audible: 1902
visdatasize:945231  compressed from 965712
writing c:\users\quinn\projects\csgo\de_patrica\de_fresco.bsp
MSG_FILEWRITE - Filesystem was asked to write to 'c:\users\quinn\projects\csgo\de_patrica\de_fresco.bsp', but we don't own that location. Allowing...
0 seconds elapsed



[Reading texlights from 'lights.rad']
[40 texlights parsed from 'lights.rad']

Loading c:\users\quinn\projects\csgo\de_patrica\de_fresco.bsp
7908 faces
7 degenerate faces
1555708 square feet [224021984.00 square inches]
217 Displacements
39508 Square Feet [5689270.50 Square Inches]
7901 patches before subdivision
74989 patches after subdivision
5 direct lights
0...1...2...3...4...5...6...7...8...9...100...1...2...3...4...5...6...7...8...9...10transfers 7766649, max 1897
transfer lists:  59.3 megs
0...1...2...3...4...5...6...7...8...9...10	Bounce #1 added RGB(319077, 226501, 192485)
0...1...2...3...4...5...6...7...8...9...10	Bounce #2 added RGB(47356, 23663, 15903)
Build Patch/Sample Hash Table(s).....Done<0.0145 sec>
0...1...2...3...4...5...6...7...8...9...10FinalLightFace Done
0 of 0 (0% of) surface lights went in leaf ambient cubes.
0...1...2...3...4...5...6...7...8...9...10Writing leaf ambient...done
Computing static prop lighting : 00...1...2...3...4...5...6...7...8...9...10
Ready to Finish

Object names       Objects/Maxobjs  Memory / Maxmem  Fullness 
------------       ---------------  ---------------  -------- 
models                  21/1024         1008/49152    ( 2.1%) 
brushes               1682/8192        20184/98304    (20.5%) 
brushsides           12610/81920      100880/655360   (15.4%) 
planes                8638/65536      172760/1310720  (13.2%) 
vertexes             14826/65536      177912/786432   (22.6%) 
nodes                 4263/65536      136416/2097152  ( 6.5%) 
texinfos              3128/12288      225216/884736   (25.5%) 
texdata                182/4096         5824/131072   ( 4.4%) 
dispinfos              217/0           38192/0        ( 0.0%) 
disp_verts           16569/0          331380/0        ( 0.0%) 
disp_tris            26048/0           52096/0        ( 0.0%) 
disp_multiblend          0/0               0/0        ( 0.0%) 
disp_lmsamples      174472/0          174472/0        ( 0.0%) 
faces                 7908/65536      442848/3670016  (12.1%) 
hdr faces                0/65536           0/3670016  ( 0.0%) 
origfaces             5052/65536      282912/3670016  ( 7.7%) 
facebrushes            820/0            1640/0        ( 0.0%) 
facebrushlists        7908/0           31632/0        ( 0.0%) 
leaves                4285/65536      137120/2097152  ( 6.5%) 
leaffaces             9586/65536       19172/131072   (14.6%) 
leafbrushes           4974/65536        9948/131072   ( 7.6%) 
areas                    2/1024           16/8192     ( 0.2%) 
surfedges            59510/512000     238040/2048000  (11.6%) 
edges                37455/256000     149820/1024000  (14.6%) 
LDR worldlights          5/8192          500/819200   ( 0.1%) 
HDR worldlights          0/8192            0/819200   ( 0.0%) 
leafwaterdata            1/32768          12/393216   ( 0.0%) 
waterstrips            856/32768        8560/327680   ( 2.6%) 
waterverts               0/65536           0/786432   ( 0.0%) 
waterindices         18846/65536       37692/131072   (28.8%) 
cubemapsamples           0/1024            0/16384    ( 0.0%) 
overlays                50/1024        17600/360448   ( 4.9%) 
LDR lightdata         [variable]     6695660/0        ( 0.0%) 
HDR lightdata         [variable]           0/0        ( 0.0%) 
visdata               [variable]      945231/16777216 ( 5.6%) 
entdata               [variable]       39409/393216   (10.0%) 
LDR ambient table     4285/65536       17140/262144   ( 6.5%) 
HDR ambient table     4285/65536       17140/262144   ( 6.5%) 
LDR leaf ambient     17679/65536      495012/1835008  (27.0%) 
HDR leaf ambient      4285/65536      119980/1835008  ( 6.5%) 
occluders                0/0               0/0        ( 0.0%) 
occluder polygons        0/0               0/0        ( 0.0%) 
occluder vert ind        0/0               0/0        ( 0.0%) 
detail props          [variable]           1/12       ( 8.3%) 
static props          [variable]           1/176726   ( 0.0%) 
pakfile               [variable]    17241485/0        ( 0.0%) 
physics               [variable]      607159/4194304  (14.5%) 
physics terrain       [variable]       15423/1048576  ( 1.5%) 

Level flags = 7d

Total triangle count: 23676
Writing c:\users\quinn\projects\csgo\de_patrica\de_fresco.bsp
MSG_FILEWRITE - Filesystem was asked to write to 'c:\users\quinn\projects\csgo\de_patrica\de_fresco.bsp', but we don't own that location. Allowing...
1 minute, 54 seconds elapsed



materialPath: C:\Program Files (x86)\Steam\steamapps\common\Counter-Strike Global Offensive\csgo\materials
Loading c:\users\quinn\projects\csgo\de_patrica\de_fresco.vmf
Map revision 6965
Can't find surfaceprop stone for material DE_MIRAGE/GROUND/DE_MIRAGE_GROUND_TRIM_VER1_DIFFUSE, using default
Patching WVT material: maps/de_fresco/brick/hr_brick/inferno/brick_m_blend_wvt_patch
Patching WVT material: maps/de_fresco/plaster/hr_p/venice/plaster_orange_2_blend_wvt_patch
Patching WVT material: maps/de_fresco/de_aztec/hr_aztec/hr_aztec_blend_paver2-dirt4_wvt_patch
Patching WVT material: maps/de_fresco/de_dust/hr_dust/hr_dust_blend_plaster_white_01b2_wvt_patch
Patching WVT material: maps/de_fresco/brick/hr_brick/venice/brick_ground_a_blend_wvt_patch
Patching WVT material: maps/de_fresco/de_dust/hr_dust/hr_dust_blend_asphalt_07_wvt_patch
Patching WVT material: maps/de_fresco/de_aztec/hr_aztec/hr_aztec_blend_wall_stone_04_white-plaster_wvt_patch
Patching WVT material: maps/de_fresco/de_dust/hr_dust/hr_dust_blend_rollupdoor_metal_01_red_wvt_patch
Patching WVT material: maps/de_fresco/plaster/hr_p/venice/plaster_red_blend_wvt_patch
Patching WVT material: maps/de_fresco/asphalt/asphalt_b1_blend_wvt_patch
Patching WVT material: maps/de_fresco/hr_massive/town_plaster_2_blend_1_wvt_patch
Patching WVT material: maps/de_fresco/plaster/hr_p/inferno/plaster_i_blend_wvt_patch
Patching WVT material: maps/de_fresco/de_aztec/hr_aztec/hr_aztec_blend_wall_stone_01_grey-plaster_01_wvt_patch
Patching WVT material: maps/de_fresco/de_dust/hr_dust/hr_dust_blend_rollupdoor_metal_03_red_wvt_patch
Patching WVT material: maps/de_fresco/hr_massive/broken_road_1_blend_4_wvt_patch
Patching WVT material: maps/de_fresco/de_dust/hr_dust/hr_dust_blend_plaster_white_01c_wvt_patch
Patching WVT material: maps/de_fresco/plaster/hr_p/venice/plaster_brown_blend_wvt_patch
fixing up env_cubemap materials on brush sides...
0...1...2...3...4...5...6...7...8...9...100...1...2...3...4...5...6...7...8...9...10Processing areas...done (0)
Building Faces...done (0)
Chop Details...done (0)
Find Visible Detail Sides...
Merged 144 detail faces...done (0)
Merging details...done (0)
FixTjuncs...
PruneNodes...
WriteBSP...
NODRAW on terrain surface!
done (1)
writing c:\users\quinn\projects\csgo\de_patrica\de_fresco.prt...Building visibility clusters...
AutoVisClustering (threshold=-1) matched 0 leafs.
done (0)
Finding displacement neighbors...
Finding lightmap sample positions...
Displacement Alpha : 0...1...2...3...4...5...6...7...8...9...10
Building Physics collision data...
done (0) (752052 bytes)
Placing detail props : 0...1...2...3...4...5...6...7...8...9...10
Water found with no water_lod_control entity, creating a default one.
Compacting texture/material tables...
Reduced 6362 texinfos to 3177
Reduced 224 texdatas to 191 (7659 bytes to 6006)
Writing c:\users\quinn\projects\csgo\de_patrica\de_fresco.bsp
MSG_FILEWRITE - Filesystem was asked to write to 'c:\users\quinn\projects\csgo\de_patrica\de_fresco.bsp', but we don't own that location. Allowing...
4 seconds elapsed



24 threads
reading c:\users\quinn\projects\csgo\de_patrica\de_fresco.bsp
reading c:\users\quinn\projects\csgo\de_patrica\de_fresco.prt
1966 portalclusters
6853 numportals
0...1...2...3...4...5...6...7...8...9...10Optimized: 128985 visible clusters (0.00%)
Total clusters visible: 3205905
Average clusters visible: 1630
Building PAS...
Average clusters audible: 1921
visdatasize:962601  compressed from 975136
writing c:\users\quinn\projects\csgo\de_patrica\de_fresco.bsp
MSG_FILEWRITE - Filesystem was asked to write to 'c:\users\quinn\projects\csgo\de_patrica\de_fresco.bsp', but we don't own that location. Allowing...
0 seconds elapsed



[Reading texlights from 'lights.rad']
[40 texlights parsed from 'lights.rad']

Loading c:\users\quinn\projects\csgo\de_patrica\de_fresco.bsp
7987 faces
8 degenerate faces
1555998 square feet [224063744.00 square inches]
220 Displacements
39494 Square Feet [5687240.50 Square Inches]
7979 patches before subdivision
75101 patches after subdivision
5 direct lights
0...1...2...3...4...5...6...7...8...9...100...1...2...3...4...5...6...7...8...9...10transfers 7554372, max 1880
transfer lists:  57.6 megs
0...1...2...3...4...5...6...7...8...9...10	Bounce #1 added RGB(312271, 221632, 188571)
0...1...2...3...4...5...6...7...8...9...10	Bounce #2 added RGB(45960, 22956, 15468)
Build Patch/Sample Hash Table(s).....Done<0.0149 sec>
0...1...2...3...4...5...6...7...8...9...10FinalLightFace Done
0 of 0 (0% of) surface lights went in leaf ambient cubes.
0...1...2...3...4...5...6...7...8...9...10Writing leaf ambient...done
Computing static prop lighting : 00...1...2...3...4...5...6...7...8...9...10
Ready to Finish

Object names       Objects/Maxobjs  Memory / Maxmem  Fullness 
------------       ---------------  ---------------  -------- 
models                  21/1024         1008/49152    ( 2.1%) 
brushes               1904/8192        22848/98304    (23.2%) 
brushsides           14359/81920      114872/655360   (17.5%) 
planes                9692/65536      193840/1310720  (14.8%) 
vertexes             14966/65536      179592/786432   (22.8%) 
nodes                 4297/65536      137504/2097152  ( 6.6%) 
texinfos              3177/12288      228744/884736   (25.9%) 
texdata                191/4096         6112/131072   ( 4.7%) 
dispinfos              220/0           38720/0        ( 0.0%) 
disp_verts           16812/0          336240/0        ( 0.0%) 
disp_tris            26432/0           52864/0        ( 0.0%) 
disp_multiblend          0/0               0/0        ( 0.0%) 
disp_lmsamples      175364/0          175364/0        ( 0.0%) 
faces                 7987/65536      447272/3670016  (12.2%) 
hdr faces                0/65536           0/3670016  ( 0.0%) 
origfaces             5110/65536      286160/3670016  ( 7.8%) 
facebrushes            820/0            1640/0        ( 0.0%) 
facebrushlists        7987/0           31948/0        ( 0.0%) 
leaves                4319/65536      138208/2097152  ( 6.6%) 
leaffaces             9721/65536       19442/131072   (14.8%) 
leafbrushes           6638/65536       13276/131072   (10.1%) 
areas                    2/1024           16/8192     ( 0.2%) 
surfedges            60101/512000     240404/2048000  (11.7%) 
edges                37817/256000     151268/1024000  (14.8%) 
LDR worldlights          5/8192          500/819200   ( 0.1%) 
HDR worldlights          0/8192            0/819200   ( 0.0%) 
leafwaterdata            1/32768          12/393216   ( 0.0%) 
waterstrips            867/32768        8670/327680   ( 2.6%) 
waterverts               0/65536           0/786432   ( 0.0%) 
waterindices         19077/65536       38154/131072   (29.1%) 
cubemapsamples           0/1024            0/16384    ( 0.0%) 
overlays                51/1024        17952/360448   ( 5.0%) 
LDR lightdata         [variable]     6713336/0        ( 0.0%) 
HDR lightdata         [variable]           0/0        ( 0.0%) 
visdata               [variable]      962601/16777216 ( 5.7%) 
entdata               [variable]       39287/393216   (10.0%) 
LDR ambient table     4319/65536       17276/262144   ( 6.6%) 
HDR ambient table     4319/65536       17276/262144   ( 6.6%) 
LDR leaf ambient     17772/65536      497616/1835008  (27.1%) 
HDR leaf ambient      4319/65536      120932/1835008  ( 6.6%) 
occluders                0/0               0/0        ( 0.0%) 
occluder polygons        0/0               0/0        ( 0.0%) 
occluder vert ind        0/0               0/0        ( 0.0%) 
detail props          [variable]           1/12       ( 8.3%) 
static props          [variable]           1/187436   ( 0.0%) 
pakfile               [variable]    18473950/0        ( 0.0%) 
physics               [variable]      752052/4194304  (17.9%) 
physics terrain       [variable]       15582/1048576  ( 1.5%) 

Level flags = 7d

Total triangle count: 23877
Writing c:\users\quinn\projects\csgo\de_patrica\de_fresco.bsp
MSG_FILEWRITE - Filesystem was asked to write to 'c:\users\quinn\projects\csgo\de_patrica\de_fresco.bsp', but we don't own that location. Allowing...
2 minutes, 14 seconds elapsed



materialPath: C:\Program Files (x86)\Steam\steamapps\common\Counter-Strike Global Offensive\csgo\materials
Loading c:\csgo\de_patrica\de_fresco.vmf
Map revision 6969
Can't find surfaceprop stone for material DE_MIRAGE/GROUND/DE_MIRAGE_GROUND_TRIM_VER1_DIFFUSE, using default
Material not found!: LIQUIDS/WATER_OCEAN_GREEN
Patching WVT material: maps/de_fresco/brick/hr_brick/inferno/brick_m_blend_wvt_patch
Patching WVT material: maps/de_fresco/plaster/hr_p/venice/plaster_orange_2_blend_wvt_patch
Patching WVT material: maps/de_fresco/de_aztec/hr_aztec/hr_aztec_blend_paver2-dirt4_wvt_patch
Patching WVT material: maps/de_fresco/de_dust/hr_dust/hr_dust_blend_plaster_white_01b2_wvt_patch
Patching WVT material: maps/de_fresco/brick/hr_brick/venice/brick_ground_a_blend_wvt_patch
Patching WVT material: maps/de_fresco/de_dust/hr_dust/hr_dust_blend_asphalt_07_wvt_patch
Patching WVT material: maps/de_fresco/de_aztec/hr_aztec/hr_aztec_blend_wall_stone_04_white-plaster_wvt_patch
Patching WVT material: maps/de_fresco/de_dust/hr_dust/hr_dust_blend_rollupdoor_metal_01_red_wvt_patch
Patching WVT material: maps/de_fresco/plaster/hr_p/venice/plaster_red_blend_wvt_patch
Patching WVT material: maps/de_fresco/asphalt/asphalt_b1_blend_wvt_patch
Patching WVT material: maps/de_fresco/hr_massive/town_plaster_2_blend_1_wvt_patch
Patching WVT material: maps/de_fresco/plaster/hr_p/inferno/plaster_i_blend_wvt_patch
Patching WVT material: maps/de_fresco/de_aztec/hr_aztec/hr_aztec_blend_wall_stone_01_grey-plaster_01_wvt_patch
Patching WVT material: maps/de_fresco/de_dust/hr_dust/hr_dust_blend_rollupdoor_metal_03_red_wvt_patch
Patching WVT material: maps/de_fresco/hr_massive/broken_road_1_blend_4_wvt_patch
Patching WVT material: maps/de_fresco/de_dust/hr_dust/hr_dust_blend_plaster_white_01c_wvt_patch
Patching WVT material: maps/de_fresco/plaster/hr_p/venice/plaster_brown_blend_wvt_patch
fixing up env_cubemap materials on brush sides...
0...1...2...3...4...5...6...7...8...9...100...1...2...3...4...5...6...7...8...9...10Processing areas...done (0)
Building Faces...done (0)
Chop Details...done (0)
Find Visible Detail Sides...
Merged 144 detail faces...done (0)
Merging details...done (0)
FixTjuncs...
PruneNodes...
WriteBSP...
NODRAW on terrain surface!
done (1)
writing c:\csgo\de_patrica\de_fresco.prt...Building visibility clusters...
AutoVisClustering (threshold=-1) matched 0 leafs.
done (0)
Finding displacement neighbors...
Finding lightmap sample positions...
Displacement Alpha : 0...1...2...3...4...5...6...7...8...9...10
Building Physics collision data...
done (0) (752275 bytes)
Placing detail props : 0...1...2...3...4...5...6...7...8...9...10
Compacting texture/material tables...
Reduced 6378 texinfos to 3175
Reduced 222 texdatas to 190 (7587 bytes to 5984)
Writing c:\csgo\de_patrica\de_fresco.bsp
MSG_FILEWRITE - Filesystem was asked to write to 'c:\csgo\de_patrica\de_fresco.bsp', but we don't own that location. Allowing...
4 seconds elapsed



24 threads
reading c:\csgo\de_patrica\de_fresco.bsp
reading c:\csgo\de_patrica\de_fresco.prt
1910 portalclusters
6695 numportals
0...1...2...3...4...5...6...7...8...9...10Optimized: 126262 visible clusters (0.00%)
Total clusters visible: 2990884
Average clusters visible: 1565
Building PAS...
Average clusters audible: 1864
visdatasize:904174  compressed from 916800
writing c:\csgo\de_patrica\de_fresco.bsp
MSG_FILEWRITE - Filesystem was asked to write to 'c:\csgo\de_patrica\de_fresco.bsp', but we don't own that location. Allowing...
0 seconds elapsed



materialPath: C:\Program Files (x86)\Steam\steamapps\common\Counter-Strike Global Offensive\csgo\materials
Loading c:\csgo\de_patrica\de_fresco.vmf
Map revision 6969
Can't find surfaceprop stone for material DE_MIRAGE/GROUND/DE_MIRAGE_GROUND_TRIM_VER1_DIFFUSE, using default
Material not found!: LIQUIDS/WATER_OCEAN_GREEN
Patching WVT material: maps/de_fresco/brick/hr_brick/inferno/brick_m_blend_wvt_patch
Patching WVT material: maps/de_fresco/plaster/hr_p/venice/plaster_orange_2_blend_wvt_patch
Patching WVT material: maps/de_fresco/de_aztec/hr_aztec/hr_aztec_blend_paver2-dirt4_wvt_patch
Patching WVT material: maps/de_fresco/de_dust/hr_dust/hr_dust_blend_plaster_white_01b2_wvt_patch
Patching WVT material: maps/de_fresco/brick/hr_brick/venice/brick_ground_a_blend_wvt_patch
Patching WVT material: maps/de_fresco/de_dust/hr_dust/hr_dust_blend_asphalt_07_wvt_patch
Patching WVT material: maps/de_fresco/de_aztec/hr_aztec/hr_aztec_blend_wall_stone_04_white-plaster_wvt_patch
Patching WVT material: maps/de_fresco/de_dust/hr_dust/hr_dust_blend_rollupdoor_metal_01_red_wvt_patch
Patching WVT material: maps/de_fresco/plaster/hr_p/venice/plaster_red_blend_wvt_patch
Patching WVT material: maps/de_fresco/asphalt/asphalt_b1_blend_wvt_patch
Patching WVT material: maps/de_fresco/hr_massive/town_plaster_2_blend_1_wvt_patch
Patching WVT material: maps/de_fresco/plaster/hr_p/inferno/plaster_i_blend_wvt_patch
Patching WVT material: maps/de_fresco/de_aztec/hr_aztec/hr_aztec_blend_wall_stone_01_grey-plaster_01_wvt_patch
Patching WVT material: maps/de_fresco/de_dust/hr_dust/hr_dust_blend_rollupdoor_metal_03_red_wvt_patch
Patching WVT material: maps/de_fresco/hr_massive/broken_road_1_blend_4_wvt_patch
Patching WVT material: maps/de_fresco/de_dust/hr_dust/hr_dust_blend_plaster_white_01c_wvt_patch
Patching WVT material: maps/de_fresco/plaster/hr_p/venice/plaster_brown_blend_wvt_patch
fixing up env_cubemap materials on brush sides...
0...1...2...3...4...5...6...7...8...9...100...1...2...3...4...5...6...7...8...9...10Processing areas...done (0)
Building Faces...done (0)
Chop Details...done (0)
Find Visible Detail Sides...
Merged 144 detail faces...done (0)
Merging details...done (0)
FixTjuncs...
PruneNodes...
WriteBSP...
NODRAW on terrain surface!
done (1)
writing c:\csgo\de_patrica\de_fresco.prt...Building visibility clusters...
AutoVisClustering (threshold=-1) matched 0 leafs.
done (0)
Finding displacement neighbors...
Finding lightmap sample positions...
Displacement Alpha : 0...1...2...3...4...5...6...7...8...9...10
Building Physics collision data...
done (0) (752275 bytes)
Placing detail props : 0...1...2...3...4...5...6...7...8...9...10
Compacting texture/material tables...
Reduced 6378 texinfos to 3175
Reduced 222 texdatas to 190 (7587 bytes to 5984)
Writing c:\csgo\de_patrica\de_fresco.bsp
MSG_FILEWRITE - Filesystem was asked to write to 'c:\csgo\de_patrica\de_fresco.bsp', but we don't own that location. Allowing...
4 seconds elapsed



24 threads
reading c:\csgo\de_patrica\de_fresco.bsp
reading c:\csgo\de_patrica\de_fresco.prt
1910 portalclusters
6695 numportals
0...1...2...3...4...5...6...7...8...9...10Optimized: 126262 visible clusters (0.00%)
Total clusters visible: 2990884
Average clusters visible: 1565
Building PAS...
Average clusters audible: 1864
visdatasize:904174  compressed from 916800
writing c:\csgo\de_patrica\de_fresco.bsp
MSG_FILEWRITE - Filesystem was asked to write to 'c:\csgo\de_patrica\de_fresco.bsp', but we don't own that location. Allowing...
0 seconds elapsed



materialPath: C:\Program Files (x86)\Steam\steamapps\common\Counter-Strike Global Offensive\csgo\materials
Loading c:\csgo\de_patrica\de_fresco.vmf
Map revision 6969
Can't find surfaceprop stone for material DE_MIRAGE/GROUND/DE_MIRAGE_GROUND_TRIM_VER1_DIFFUSE, using default
Material not found!: LIQUIDS/WATER_OCEAN_GREEN
Patching WVT material: maps/de_fresco/brick/hr_brick/inferno/brick_m_blend_wvt_patch
Patching WVT material: maps/de_fresco/plaster/hr_p/venice/plaster_orange_2_blend_wvt_patch
Patching WVT material: maps/de_fresco/de_aztec/hr_aztec/hr_aztec_blend_paver2-dirt4_wvt_patch
Patching WVT material: maps/de_fresco/de_dust/hr_dust/hr_dust_blend_plaster_white_01b2_wvt_patch
Patching WVT material: maps/de_fresco/brick/hr_brick/venice/brick_ground_a_blend_wvt_patch
Patching WVT material: maps/de_fresco/de_dust/hr_dust/hr_dust_blend_asphalt_07_wvt_patch
Patching WVT material: maps/de_fresco/de_aztec/hr_aztec/hr_aztec_blend_wall_stone_04_white-plaster_wvt_patch
Patching WVT material: maps/de_fresco/de_dust/hr_dust/hr_dust_blend_rollupdoor_metal_01_red_wvt_patch
Patching WVT material: maps/de_fresco/plaster/hr_p/venice/plaster_red_blend_wvt_patch
Patching WVT material: maps/de_fresco/asphalt/asphalt_b1_blend_wvt_patch
Patching WVT material: maps/de_fresco/hr_massive/town_plaster_2_blend_1_wvt_patch
Patching WVT material: maps/de_fresco/plaster/hr_p/inferno/plaster_i_blend_wvt_patch
Patching WVT material: maps/de_fresco/de_aztec/hr_aztec/hr_aztec_blend_wall_stone_01_grey-plaster_01_wvt_patch
Patching WVT material: maps/de_fresco/de_dust/hr_dust/hr_dust_blend_rollupdoor_metal_03_red_wvt_patch
Patching WVT material: maps/de_fresco/hr_massive/broken_road_1_blend_4_wvt_patch
Patching WVT material: maps/de_fresco/de_dust/hr_dust/hr_dust_blend_plaster_white_01c_wvt_patch
Patching WVT material: maps/de_fresco/plaster/hr_p/venice/plaster_brown_blend_wvt_patch
fixing up env_cubemap materials on brush sides...
0...1...2...3...4...5...6...7...8...9...100...1...2...3...4...5...6...7...8...9...10Processing areas...done (0)
Building Faces...done (0)
Chop Details...done (0)
Find Visible Detail Sides...
Merged 144 detail faces...done (0)
Merging details...done (0)
FixTjuncs...
PruneNodes...
WriteBSP...
NODRAW on terrain surface!
done (1)
writing c:\csgo\de_patrica\de_fresco.prt...Building visibility clusters...
AutoVisClustering (threshold=-1) matched 0 leafs.
done (0)
Finding displacement neighbors...
Finding lightmap sample positions...
Displacement Alpha : 0...1...2...3...4...5...6...7...8...9...10
Building Physics collision data...
done (0) (752275 bytes)
Placing detail props : 0...1...2...3...4...5...6...7...8...9...10
Compacting texture/material tables...
Reduced 6378 texinfos to 3175
Reduced 222 texdatas to 190 (7587 bytes to 5984)
Writing c:\csgo\de_patrica\de_fresco.bsp
MSG_FILEWRITE - Filesystem was asked to write to 'c:\csgo\de_patrica\de_fresco.bsp', but we don't own that location. Allowing...
4 seconds elapsed



24 threads
reading c:\csgo\de_patrica\de_fresco.bsp
reading c:\csgo\de_patrica\de_fresco.prt
1910 portalclusters
6695 numportals
0...1...2...3...4...5...6...7...8...9...10Optimized: 126262 visible clusters (0.00%)
Total clusters visible: 2990884
Average clusters visible: 1565
Building PAS...
Average clusters audible: 1864
visdatasize:904174  compressed from 916800
writing c:\csgo\de_patrica\de_fresco.bsp
MSG_FILEWRITE - Filesystem was asked to write to 'c:\csgo\de_patrica\de_fresco.bsp', but we don't own that location. Allowing...
0 seconds elapsed



[Reading texlights from 'lights.rad']
[40 texlights parsed from 'lights.rad']

Loading c:\csgo\de_patrica\de_fresco.bsp
7456 faces
8 degenerate faces
1167038 square feet [168053472.00 square inches]
220 Displacements
39494 Square Feet [5687240.50 Square Inches]
7448 patches before subdivision
43486 patches after subdivision
5 direct lights
0...1...2...3...4...5...6...7...8...9...100...1...2...3...4...5...6...7...8...9...10transfers 2934946, max 1725
transfer lists:  22.4 megs
0...1...2...3...4...5...6...7...8...9...10	Bounce #1 added RGB(255929, 171807, 141291)
0...1...2...3...4...5...6...7...8...9...10	Bounce #2 added RGB(39994, 18178, 11497)
Build Patch/Sample Hash Table(s).....Done<0.0076 sec>
0...1...2...3...4...5...6...7...8...9...10FinalLightFace Done
0 of 0 (0% of) surface lights went in leaf ambient cubes.
0...1...2...3...4...5...6...7...8...9...10Writing leaf ambient...done
Computing static prop lighting : 00...1...2...3...4...5...6...7...8...9...10
Ready to Finish

Object names       Objects/Maxobjs  Memory / Maxmem  Fullness 
------------       ---------------  ---------------  -------- 
models                  24/1024         1152/49152    ( 2.3%) 
brushes               1904/8192        22848/98304    (23.2%) 
brushsides           14358/81920      114864/655360   (17.5%) 
planes                9738/65536      194760/1310720  (14.9%) 
vertexes             14682/65536      176184/786432   (22.4%) 
nodes                 4240/65536      135680/2097152  ( 6.5%) 
texinfos              3175/12288      228600/884736   (25.8%) 
texdata                190/4096         6080/131072   ( 4.6%) 
dispinfos              220/0           38720/0        ( 0.0%) 
disp_verts           16812/0          336240/0        ( 0.0%) 
disp_tris            26432/0           52864/0        ( 0.0%) 
disp_multiblend          0/0               0/0        ( 0.0%) 
disp_lmsamples      175364/0          175364/0        ( 0.0%) 
faces                 7456/65536      417536/3670016  (11.4%) 
hdr faces                0/65536           0/3670016  ( 0.0%) 
origfaces             5108/65536      286048/3670016  ( 7.8%) 
facebrushes            818/0            1636/0        ( 0.0%) 
facebrushlists        7456/0           29824/0        ( 0.0%) 
leaves                4265/65536      136480/2097152  ( 6.5%) 
leaffaces             9172/65536       18344/131072   (14.0%) 
leafbrushes           6535/65536       13070/131072   (10.0%) 
areas                    2/1024           16/8192     ( 0.2%) 
surfedges            57882/512000     231528/2048000  (11.3%) 
edges                36687/256000     146748/1024000  (14.3%) 
LDR worldlights          5/8192          500/819200   ( 0.1%) 
HDR worldlights          0/8192            0/819200   ( 0.0%) 
leafwaterdata            0/32768           0/393216   ( 0.0%) 
waterstrips            869/32768        8690/327680   ( 2.7%) 
waterverts               0/65536           0/786432   ( 0.0%) 
waterindices         19092/65536       38184/131072   (29.1%) 
cubemapsamples           0/1024            0/16384    ( 0.0%) 
overlays                51/1024        17952/360448   ( 5.0%) 
LDR lightdata         [variable]     4621316/0        ( 0.0%) 
HDR lightdata         [variable]           0/0        ( 0.0%) 
visdata               [variable]      904174/16777216 ( 5.4%) 
entdata               [variable]       41159/393216   (10.5%) 
LDR ambient table     4265/65536       17060/262144   ( 6.5%) 
HDR ambient table     4265/65536       17060/262144   ( 6.5%) 
LDR leaf ambient     17147/65536      480116/1835008  (26.2%) 
HDR leaf ambient      4265/65536      119420/1835008  ( 6.5%) 
occluders                0/0               0/0        ( 0.0%) 
occluder polygons        0/0               0/0        ( 0.0%) 
occluder vert ind        0/0               0/0        ( 0.0%) 
detail props          [variable]           1/12       ( 8.3%) 
static props          [variable]           1/187412   ( 0.0%) 
pakfile               [variable]    18473636/0        ( 0.0%) 
physics               [variable]      752275/4194304  (17.9%) 
physics terrain       [variable]       15582/1048576  ( 1.5%) 

Level flags = 7d

Total triangle count: 22728
Writing c:\csgo\de_patrica\de_fresco.bsp
MSG_FILEWRITE - Filesystem was asked to write to 'c:\csgo\de_patrica\de_fresco.bsp', but we don't own that location. Allowing...
32 seconds elapsed



materialPath: C:\Program Files (x86)\Steam\steamapps\common\Counter-Strike Global Offensive\csgo\materials
Loading c:\csgo\de_patrica\de_fresco.vmf
Map revision 6991
Can't find surfaceprop stone for material DE_MIRAGE/GROUND/DE_MIRAGE_GROUND_TRIM_VER1_DIFFUSE, using default
Material not found!: LIQUIDS/WATER_OCEAN_GREEN
Patching WVT material: maps/de_fresco/asphalt/asphalt_b1_blend_wvt_patch
Patching WVT material: maps/de_fresco/brick/hr_brick/inferno/brick_m_blend_wvt_patch
Patching WVT material: maps/de_fresco/plaster/hr_p/venice/plaster_orange_2_blend_wvt_patch
Patching WVT material: maps/de_fresco/de_aztec/hr_aztec/hr_aztec_blend_paver2-dirt4_wvt_patch
Patching WVT material: maps/de_fresco/de_dust/hr_dust/hr_dust_blend_plaster_white_01b2_wvt_patch
Patching WVT material: maps/de_fresco/brick/hr_brick/venice/brick_ground_a_blend_wvt_patch
Patching WVT material: maps/de_fresco/de_dust/hr_dust/hr_dust_blend_asphalt_07_wvt_patch
Patching WVT material: maps/de_fresco/de_aztec/hr_aztec/hr_aztec_blend_wall_stone_04_white-plaster_wvt_patch
Patching WVT material: maps/de_fresco/de_dust/hr_dust/hr_dust_blend_rollupdoor_metal_01_red_wvt_patch
Patching WVT material: maps/de_fresco/plaster/hr_p/venice/plaster_red_blend_wvt_patch
Patching WVT material: maps/de_fresco/hr_massive/town_plaster_2_blend_1_wvt_patch
Patching WVT material: maps/de_fresco/plaster/hr_p/inferno/plaster_i_blend_wvt_patch
Patching WVT material: maps/de_fresco/de_aztec/hr_aztec/hr_aztec_blend_wall_stone_01_grey-plaster_01_wvt_patch
Patching WVT material: maps/de_fresco/de_dust/hr_dust/hr_dust_blend_rollupdoor_metal_03_red_wvt_patch
Patching WVT material: maps/de_fresco/hr_massive/broken_road_1_blend_4_wvt_patch
Patching WVT material: maps/de_fresco/de_dust/hr_dust/hr_dust_blend_plaster_white_01c_wvt_patch
Patching WVT material: maps/de_fresco/plaster/hr_p/venice/plaster_brown_blend_wvt_patch
fixing up env_cubemap materials on brush sides...
0...1...2...3...4...5...6...7...8...9...100...1...2...3...4...5...6...7...8...9...10Processing areas...done (0)
Building Faces...done (0)
Chop Details...done (0)
Find Visible Detail Sides...
Merged 144 detail faces...done (0)
Merging details...done (0)
FixTjuncs...
PruneNodes...
WriteBSP...
NODRAW on terrain surface!
done (0)
writing c:\csgo\de_patrica\de_fresco.prt...Building visibility clusters...
AutoVisClustering (threshold=-1) matched 0 leafs.
done (0)
Finding displacement neighbors...
Finding lightmap sample positions...
Displacement Alpha : 0...1...2...3...4...5...6...7...8...9...10
Building Physics collision data...
done (0) (575873 bytes)
Placing detail props : 0...1...2...3...4...5...6...7...8...9...10
Compacting texture/material tables...
Reduced 5718 texinfos to 3001
Reduced 213 texdatas to 181 (7378 bytes to 5744)
Writing c:\csgo\de_patrica\de_fresco.bsp
MSG_FILEWRITE - Filesystem was asked to write to 'c:\csgo\de_patrica\de_fresco.bsp', but we don't own that location. Allowing...
3 seconds elapsed



24 threads
reading c:\csgo\de_patrica\de_fresco.bsp
reading c:\csgo\de_patrica\de_fresco.prt
1545 portalclusters
5297 numportals
0...1...2...3...4...5...6...7...8...9...10Optimized: 88774 visible clusters (0.00%)
Total clusters visible: 1899175
Average clusters visible: 1229
Building PAS...
Average clusters audible: 1513
visdatasize:597249  compressed from 618000
writing c:\csgo\de_patrica\de_fresco.bsp
MSG_FILEWRITE - Filesystem was asked to write to 'c:\csgo\de_patrica\de_fresco.bsp', but we don't own that location. Allowing...
0 seconds elapsed



[Reading texlights from 'lights.rad']
[40 texlights parsed from 'lights.rad']

Loading c:\csgo\de_patrica\de_fresco.bsp
6698 faces
2 degenerate faces
1184655 square feet [170590336.00 square inches]
220 Displacements
39845 Square Feet [5737820.50 Square Inches]
6696 patches before subdivision
44818 patches after subdivision
5 direct lights
0...1...2...3...4...5...6...7...8...9...100...1...2...3...4...5...6...7...8...9...10transfers 2814902, max 1687
transfer lists:  21.5 megs
0...1...2...3...4...5...6...7...8...9...10	Bounce #1 added RGB(269029, 177176, 143682)
0...1...2...3...4...5...6...7...8...9...10	Bounce #2 added RGB(43907, 18930, 11826)
Build Patch/Sample Hash Table(s).....Done<0.0072 sec>
0...1...2...3...4...5...6...7...8...9...10FinalLightFace Done
0 of 0 (0% of) surface lights went in leaf ambient cubes.
0...1...2...3...4...5...6...7...8...9...10Writing leaf ambient...done
Computing static prop lighting : 00...1...2...3...4...5...6...7...8...9...10
Ready to Finish

Object names       Objects/Maxobjs  Memory / Maxmem  Fullness 
------------       ---------------  ---------------  -------- 
models                  24/1024         1152/49152    ( 2.3%) 
brushes               1570/8192        18840/98304    (19.2%) 
brushsides           11266/81920       90128/655360   (13.8%) 
planes                7000/65536      140000/1310720  (10.7%) 
vertexes             13492/65536      161904/786432   (20.6%) 
nodes                 3428/65536      109696/2097152  ( 5.2%) 
texinfos              3001/12288      216072/884736   (24.4%) 
texdata                181/4096         5792/131072   ( 4.4%) 
dispinfos              220/0           38720/0        ( 0.0%) 
disp_verts           16700/0          334000/0        ( 0.0%) 
disp_tris            26240/0           52480/0        ( 0.0%) 
disp_multiblend          0/0               0/0        ( 0.0%) 
disp_lmsamples      176072/0          176072/0        ( 0.0%) 
faces                 6698/65536      375088/3670016  (10.2%) 
hdr faces                0/65536           0/3670016  ( 0.0%) 
origfaces             4775/65536      267400/3670016  ( 7.3%) 
facebrushes            729/0            1458/0        ( 0.0%) 
facebrushlists        6698/0           26792/0        ( 0.0%) 
leaves                3453/65536      110496/2097152  ( 5.3%) 
leaffaces             8259/65536       16518/131072   (12.6%) 
leafbrushes           4136/65536        8272/131072   ( 6.3%) 
areas                    2/1024           16/8192     ( 0.2%) 
surfedges            52661/512000     210644/2048000  (10.3%) 
edges                33791/256000     135164/1024000  (13.2%) 
LDR worldlights          5/8192          500/819200   ( 0.1%) 
HDR worldlights          0/8192            0/819200   ( 0.0%) 
leafwaterdata            0/32768           0/393216   ( 0.0%) 
waterstrips            703/32768        7030/327680   ( 2.1%) 
waterverts               0/65536           0/786432   ( 0.0%) 
waterindices         16365/65536       32730/131072   (25.0%) 
cubemapsamples           0/1024            0/16384    ( 0.0%) 
overlays                50/1024        17600/360448   ( 4.9%) 
LDR lightdata         [variable]     4515120/0        ( 0.0%) 
HDR lightdata         [variable]           0/0        ( 0.0%) 
visdata               [variable]      597249/16777216 ( 3.6%) 
entdata               [variable]       42449/393216   (10.8%) 
LDR ambient table     3453/65536       13812/262144   ( 5.3%) 
HDR ambient table     3453/65536       13812/262144   ( 5.3%) 
LDR leaf ambient     14082/65536      394296/1835008  (21.5%) 
HDR leaf ambient      3453/65536       96684/1835008  ( 5.3%) 
occluders                0/0               0/0        ( 0.0%) 
occluder polygons        0/0               0/0        ( 0.0%) 
occluder vert ind        0/0               0/0        ( 0.0%) 
detail props          [variable]           1/12       ( 8.3%) 
static props          [variable]           1/175572   ( 0.0%) 
pakfile               [variable]    17491014/0        ( 0.0%) 
physics               [variable]      575873/4194304  (13.7%) 
physics terrain       [variable]       15540/1048576  ( 1.5%) 

Level flags = 7d

Total triangle count: 20279
Writing c:\csgo\de_patrica\de_fresco.bsp
MSG_FILEWRITE - Filesystem was asked to write to 'c:\csgo\de_patrica\de_fresco.bsp', but we don't own that location. Allowing...
31 seconds elapsed



materialPath: C:\Program Files (x86)\Steam\steamapps\common\Counter-Strike Global Offensive\csgo\materials
Loading c:\csgo\csgo_de_fresco\de_fresco.vmf
Map revision 6998
Material not found!: DE_PATRICA/BRICKS_B
Can't find surfaceprop stone for material DE_MIRAGE/GROUND/DE_MIRAGE_GROUND_TRIM_VER1_DIFFUSE, using default
Material not found!: LIQUIDS/WATER_OCEAN_GREEN
Material not found!: DE_PATRICA/PAVEMENT_PATTERN_A
Material not found!: DE_PATRICA/PAVEMENT_PATTERN_B
Patching WVT material: maps/de_fresco/asphalt/asphalt_b1_blend_wvt_patch
Patching WVT material: maps/de_fresco/brick/hr_brick/inferno/brick_m_blend_wvt_patch
Patching WVT material: maps/de_fresco/plaster/hr_p/venice/plaster_orange_2_blend_wvt_patch
Patching WVT material: maps/de_fresco/de_aztec/hr_aztec/hr_aztec_blend_paver2-dirt4_wvt_patch
Patching WVT material: maps/de_fresco/de_dust/hr_dust/hr_dust_blend_plaster_white_01b2_wvt_patch
Patching WVT material: maps/de_fresco/brick/hr_brick/venice/brick_ground_a_blend_wvt_patch
Patching WVT material: maps/de_fresco/de_dust/hr_dust/hr_dust_blend_asphalt_07_wvt_patch
Patching WVT material: maps/de_fresco/de_aztec/hr_aztec/hr_aztec_blend_wall_stone_04_white-plaster_wvt_patch
Patching WVT material: maps/de_fresco/de_dust/hr_dust/hr_dust_blend_rollupdoor_metal_01_red_wvt_patch
Patching WVT material: maps/de_fresco/plaster/hr_p/venice/plaster_red_blend_wvt_patch
Patching WVT material: maps/de_fresco/hr_massive/town_plaster_2_blend_1_wvt_patch
Patching WVT material: maps/de_fresco/plaster/hr_p/inferno/plaster_i_blend_wvt_patch
Patching WVT material: maps/de_fresco/de_aztec/hr_aztec/hr_aztec_blend_wall_stone_01_grey-plaster_01_wvt_patch
Patching WVT material: maps/de_fresco/de_dust/hr_dust/hr_dust_blend_rollupdoor_metal_03_red_wvt_patch
Patching WVT material: maps/de_fresco/hr_massive/broken_road_1_blend_4_wvt_patch
Patching WVT material: maps/de_fresco/de_dust/hr_dust/hr_dust_blend_plaster_white_01c_wvt_patch
Patching WVT material: maps/de_fresco/plaster/hr_p/venice/plaster_brown_blend_wvt_patch
fixing up env_cubemap materials on brush sides...
0...1...2...3...4...5...6...7...8...9...100...1...2...3...4...5...6...7...8...9...10Processing areas...done (0)
Building Faces...done (0)
Chop Details...done (0)
Find Visible Detail Sides...
Merged 144 detail faces...done (0)
Merging details...done (0)
FixTjuncs...
PruneNodes...
WriteBSP...
NODRAW on terrain surface!
done (0)
writing c:\csgo\csgo_de_fresco\de_fresco.prt...Building visibility clusters...
AutoVisClustering (threshold=-1) matched 0 leafs.
done (0)
Finding displacement neighbors...
Finding lightmap sample positions...
Displacement Alpha : 0...1...2...3...4...5...6...7...8...9...10
Building Physics collision data...
done (1) (576525 bytes)
Placing detail props : 0...1...2...3...4...5...6...7...8...9...10
Compacting texture/material tables...
Reduced 5719 texinfos to 3001
Reduced 213 texdatas to 181 (7374 bytes to 5740)
Writing c:\csgo\csgo_de_fresco\de_fresco.bsp
MSG_FILEWRITE - Filesystem was asked to write to 'c:\csgo\csgo_de_fresco\de_fresco.bsp', but we don't own that location. Allowing...
3 seconds elapsed



materialPath: C:\Program Files (x86)\Steam\steamapps\common\Counter-Strike Global Offensive\csgo\materials
Loading c:\csgo\csgo_de_fresco\de_fresco.vmf
Map revision 6998
Material not found!: DE_PATRICA/BRICKS_B
Can't find surfaceprop stone for material DE_MIRAGE/GROUND/DE_MIRAGE_GROUND_TRIM_VER1_DIFFUSE, using default
Material not found!: LIQUIDS/WATER_OCEAN_GREEN
Material not found!: DE_PATRICA/PAVEMENT_PATTERN_A
Material not found!: DE_PATRICA/PAVEMENT_PATTERN_B
Patching WVT material: maps/de_fresco/asphalt/asphalt_b1_blend_wvt_patch
Patching WVT material: maps/de_fresco/brick/hr_brick/inferno/brick_m_blend_wvt_patch
Patching WVT material: maps/de_fresco/plaster/hr_p/venice/plaster_orange_2_blend_wvt_patch
Patching WVT material: maps/de_fresco/de_aztec/hr_aztec/hr_aztec_blend_paver2-dirt4_wvt_patch
Patching WVT material: maps/de_fresco/de_dust/hr_dust/hr_dust_blend_plaster_white_01b2_wvt_patch
Patching WVT material: maps/de_fresco/brick/hr_brick/venice/brick_ground_a_blend_wvt_patch
Patching WVT material: maps/de_fresco/de_dust/hr_dust/hr_dust_blend_asphalt_07_wvt_patch
Patching WVT material: maps/de_fresco/de_aztec/hr_aztec/hr_aztec_blend_wall_stone_04_white-plaster_wvt_patch
Patching WVT material: maps/de_fresco/de_dust/hr_dust/hr_dust_blend_rollupdoor_metal_01_red_wvt_patch
Patching WVT material: maps/de_fresco/plaster/hr_p/venice/plaster_red_blend_wvt_patch
Patching WVT material: maps/de_fresco/hr_massive/town_plaster_2_blend_1_wvt_patch
Patching WVT material: maps/de_fresco/plaster/hr_p/inferno/plaster_i_blend_wvt_patch
Patching WVT material: maps/de_fresco/de_aztec/hr_aztec/hr_aztec_blend_wall_stone_01_grey-plaster_01_wvt_patch
Patching WVT material: maps/de_fresco/de_dust/hr_dust/hr_dust_blend_rollupdoor_metal_03_red_wvt_patch
Patching WVT material: maps/de_fresco/hr_massive/broken_road_1_blend_4_wvt_patch
Patching WVT material: maps/de_fresco/de_dust/hr_dust/hr_dust_blend_plaster_white_01c_wvt_patch
Patching WVT material: maps/de_fresco/plaster/hr_p/venice/plaster_brown_blend_wvt_patch
fixing up env_cubemap materials on brush sides...
0...1...2...3...4...5...6...7...8...9...100...1...2...3...4...5...6...7...8...9...10Processing areas...done (0)
Building Faces...done (0)
Chop Details...done (0)
Find Visible Detail Sides...
Merged 144 detail faces...done (0)
Merging details...done (0)
FixTjuncs...
PruneNodes...
WriteBSP...
NODRAW on terrain surface!
done (0)
writing c:\csgo\csgo_de_fresco\de_fresco.prt...Building visibility clusters...
AutoVisClustering (threshold=-1) matched 0 leafs.
done (0)
Finding displacement neighbors...
Finding lightmap sample positions...
Displacement Alpha : 0...1...2...3...4...5...6...7...8...9...10
Building Physics collision data...
done (1) (576525 bytes)
Placing detail props : 0...1...2...3...4...5...6...7...8...9...10
Compacting texture/material tables...
Reduced 5719 texinfos to 3001
Reduced 213 texdatas to 181 (7374 bytes to 5740)
Writing c:\csgo\csgo_de_fresco\de_fresco.bsp
MSG_FILEWRITE - Filesystem was asked to write to 'c:\csgo\csgo_de_fresco\de_fresco.bsp', but we don't own that location. Allowing...
3 seconds elapsed



24 threads
reading c:\csgo\csgo_de_fresco\de_fresco.bsp
reading c:\csgo\csgo_de_fresco\de_fresco.prt
1545 portalclusters
5297 numportals
0...1...2...3...4...5...6...7...8...9...10Optimized: 88774 visible clusters (0.00%)
Total clusters visible: 1899175
Average clusters visible: 1229
Building PAS...
Average clusters audible: 1513
visdatasize:597249  compressed from 618000
writing c:\csgo\csgo_de_fresco\de_fresco.bsp
MSG_FILEWRITE - Filesystem was asked to write to 'c:\csgo\csgo_de_fresco\de_fresco.bsp', but we don't own that location. Allowing...
0 seconds elapsed



[Reading texlights from 'lights.rad']
[40 texlights parsed from 'lights.rad']

Loading c:\csgo\csgo_de_fresco\de_fresco.bsp
6705 faces
2 degenerate faces
1191631 square feet [171594880.00 square inches]
220 Displacements
39845 Square Feet [5737820.50 Square Inches]
6703 patches before subdivision
44477 patches after subdivision
5 direct lights
0...1...2...3...4...5...6...7...8...9...100...1...2...3...4...5...6...7...8...9...10transfers 2782196, max 1687
transfer lists:  21.2 megs
0...1...2...3...4...5...6...7...8...9...10	Bounce #1 added RGB(265602, 174679, 141629)
0...1...2...3...4...5...6...7...8...9...10	Bounce #2 added RGB(43378, 18690, 11678)
Build Patch/Sample Hash Table(s).....Done<0.0068 sec>
0...1...2...3...4...5...6...7...8...9...10FinalLightFace Done
0 of 0 (0% of) surface lights went in leaf ambient cubes.
0...1...2...3...4...5...6...7...8...9...10Writing leaf ambient...done
Computing static prop lighting : 00...1...2...3...4...5...6...7...8...9...10
Ready to Finish

Object names       Objects/Maxobjs  Memory / Maxmem  Fullness 
------------       ---------------  ---------------  -------- 
models                  25/1024         1200/49152    ( 2.4%) 
brushes               1571/8192        18852/98304    (19.2%) 
brushsides           11273/81920       90184/655360   (13.8%) 
planes                7006/65536      140120/1310720  (10.7%) 
vertexes             13502/65536      162024/786432   (20.6%) 
nodes                 3435/65536      109920/2097152  ( 5.2%) 
texinfos              3001/12288      216072/884736   (24.4%) 
texdata                181/4096         5792/131072   ( 4.4%) 
dispinfos              220/0           38720/0        ( 0.0%) 
disp_verts           16700/0          334000/0        ( 0.0%) 
disp_tris            26240/0           52480/0        ( 0.0%) 
disp_multiblend          0/0               0/0        ( 0.0%) 
disp_lmsamples      176072/0          176072/0        ( 0.0%) 
faces                 6705/65536      375480/3670016  (10.2%) 
hdr faces                0/65536           0/3670016  ( 0.0%) 
origfaces             4782/65536      267792/3670016  ( 7.3%) 
facebrushes            729/0            1458/0        ( 0.0%) 
facebrushlists        6705/0           26820/0        ( 0.0%) 
leaves                3461/65536      110752/2097152  ( 5.3%) 
leaffaces             8266/65536       16532/131072   (12.6%) 
leafbrushes           4137/65536        8274/131072   ( 6.3%) 
areas                    2/1024           16/8192     ( 0.2%) 
surfedges            52721/512000     210884/2048000  (10.3%) 
edges                33821/256000     135284/1024000  (13.2%) 
LDR worldlights          5/8192          500/819200   ( 0.1%) 
HDR worldlights          0/8192            0/819200   ( 0.0%) 
leafwaterdata            0/32768           0/393216   ( 0.0%) 
waterstrips            703/32768        7030/327680   ( 2.1%) 
waterverts               0/65536           0/786432   ( 0.0%) 
waterindices         16365/65536       32730/131072   (25.0%) 
cubemapsamples           0/1024            0/16384    ( 0.0%) 
overlays                50/1024        17600/360448   ( 4.9%) 
LDR lightdata         [variable]     4445944/0        ( 0.0%) 
HDR lightdata         [variable]           0/0        ( 0.0%) 
visdata               [variable]      597249/16777216 ( 3.6%) 
entdata               [variable]       42535/393216   (10.8%) 
LDR ambient table     3461/65536       13844/262144   ( 5.3%) 
HDR ambient table     3461/65536       13844/262144   ( 5.3%) 
LDR leaf ambient     14093/65536      394604/1835008  (21.5%) 
HDR leaf ambient      3461/65536       96908/1835008  ( 5.3%) 
occluders                0/0               0/0        ( 0.0%) 
occluder polygons        0/0               0/0        ( 0.0%) 
occluder vert ind        0/0               0/0        ( 0.0%) 
detail props          [variable]           1/12       ( 8.3%) 
static props          [variable]           1/175574   ( 0.0%) 
pakfile               [variable]    17495622/0        ( 0.0%) 
physics               [variable]      576525/4194304  (13.7%) 
physics terrain       [variable]       15540/1048576  ( 1.5%) 

Level flags = 7d

Total triangle count: 20295
Writing c:\csgo\csgo_de_fresco\de_fresco.bsp
MSG_FILEWRITE - Filesystem was asked to write to 'c:\csgo\csgo_de_fresco\de_fresco.bsp', but we don't own that location. Allowing...
2 minutes, 20 seconds elapsed



materialPath: C:\Program Files (x86)\Steam\steamapps\common\Counter-Strike Global Offensive\csgo\materials
Loading c:\csgo\csgo_de_fresco\de_fresco.vmf
Map revision 7007
Material not found!: DE_PATRICA/BRICKS_B
Can't find surfaceprop stone for material DE_MIRAGE/GROUND/DE_MIRAGE_GROUND_TRIM_VER1_DIFFUSE, using default
Material not found!: LIQUIDS/WATER_OCEAN_GREEN
Material not found!: DE_PATRICA/PAVEMENT_PATTERN_A
Patching WVT material: maps/de_fresco/asphalt/asphalt_b1_blend_wvt_patch
Patching WVT material: maps/de_fresco/brick/hr_brick/inferno/brick_m_blend_wvt_patch
Patching WVT material: maps/de_fresco/plaster/hr_p/venice/plaster_orange_2_blend_wvt_patch
Patching WVT material: maps/de_fresco/de_aztec/hr_aztec/hr_aztec_blend_paver2-dirt4_wvt_patch
Patching WVT material: maps/de_fresco/de_dust/hr_dust/hr_dust_blend_plaster_white_01b2_wvt_patch
Patching WVT material: maps/de_fresco/brick/hr_brick/venice/brick_ground_a_blend_wvt_patch
Patching WVT material: maps/de_fresco/de_dust/hr_dust/hr_dust_blend_asphalt_07_wvt_patch
Patching WVT material: maps/de_fresco/de_aztec/hr_aztec/hr_aztec_blend_wall_stone_04_white-plaster_wvt_patch
Patching WVT material: maps/de_fresco/de_dust/hr_dust/hr_dust_blend_rollupdoor_metal_01_red_wvt_patch
Patching WVT material: maps/de_fresco/plaster/hr_p/venice/plaster_red_blend_wvt_patch
Patching WVT material: maps/de_fresco/hr_massive/town_plaster_2_blend_1_wvt_patch
Patching WVT material: maps/de_fresco/plaster/hr_p/inferno/plaster_i_blend_wvt_patch
Patching WVT material: maps/de_fresco/de_aztec/hr_aztec/hr_aztec_blend_wall_stone_01_grey-plaster_01_wvt_patch
Patching WVT material: maps/de_fresco/de_dust/hr_dust/hr_dust_blend_rollupdoor_metal_03_red_wvt_patch
Patching WVT material: maps/de_fresco/hr_massive/broken_road_1_blend_4_wvt_patch
Patching WVT material: maps/de_fresco/de_dust/hr_dust/hr_dust_blend_plaster_white_01c_wvt_patch
Patching WVT material: maps/de_fresco/plaster/hr_p/venice/plaster_brown_blend_wvt_patch
fixing up env_cubemap materials on brush sides...
0...1...2...3...4...5...6...7...8...9...100...1...2...3...4...5...6...7...8...9...10Processing areas...done (0)
Building Faces...done (0)
Chop Details...done (0)
Find Visible Detail Sides...
Merged 144 detail faces...done (0)
Merging details...done (0)
FixTjuncs...
PruneNodes...
WriteBSP...
NODRAW on terrain surface!
done (0)
writing c:\csgo\csgo_de_fresco\de_fresco.prt...Building visibility clusters...
AutoVisClustering (threshold=-1) matched 0 leafs.
done (0)
Finding displacement neighbors...
Finding lightmap sample positions...
Displacement Alpha : 0...1...2...3...4...5...6...7...8...9...10
Building Physics collision data...
done (0) (719389 bytes)
Placing detail props : 0...1...2...3...4...5...6...7...8...9...10
Compacting texture/material tables...
Reduced 6073 texinfos to 3030
Reduced 223 texdatas to 191 (7608 bytes to 5974)
Writing c:\csgo\csgo_de_fresco\de_fresco.bsp
MSG_FILEWRITE - Filesystem was asked to write to 'c:\csgo\csgo_de_fresco\de_fresco.bsp', but we don't own that location. Allowing...
4 seconds elapsed



24 threads
reading c:\csgo\csgo_de_fresco\de_fresco.bsp
reading c:\csgo\csgo_de_fresco\de_fresco.prt
1561 portalclusters
5368 numportals
0...1...2...3...4...5...6...7...8...9...10Optimized: 93887 visible clusters (0.00%)
Total clusters visible: 1929978
Average clusters visible: 1236
Building PAS...
Average clusters audible: 1529
visdatasize:609442  compressed from 624400
writing c:\csgo\csgo_de_fresco\de_fresco.bsp
MSG_FILEWRITE - Filesystem was asked to write to 'c:\csgo\csgo_de_fresco\de_fresco.bsp', but we don't own that location. Allowing...
0 seconds elapsed



[Reading texlights from 'lights.rad']
[40 texlights parsed from 'lights.rad']

Loading c:\csgo\csgo_de_fresco\de_fresco.bsp
6755 faces
2 degenerate faces
1187077 square feet [170939200.00 square inches]
220 Displacements
39845 Square Feet [5737820.50 Square Inches]
6753 patches before subdivision
45451 patches after subdivision
5 direct lights
0...1...2...3...4...5...6...7...8...9...100...1...2...3...4...5...6...7...8...9...10transfers 2814978, max 1672
transfer lists:  21.5 megs
0...1...2...3...4...5...6...7...8...9...10	Bounce #1 added RGB(269866, 175694, 140935)
0...1...2...3...4...5...6...7...8...9...10	Bounce #2 added RGB(44630, 18587, 11384)
Build Patch/Sample Hash Table(s).....Done<0.0069 sec>
0...1...2...3...4...5...6...7...8...9...10FinalLightFace Done
0 of 0 (0% of) surface lights went in leaf ambient cubes.
0...1...2...3...4...5...6...7...8...9...10Writing leaf ambient...done
Computing static prop lighting : 00...1...2...3...4...5...6...7...8...9...10
Ready to Finish

Object names       Objects/Maxobjs  Memory / Maxmem  Fullness 
------------       ---------------  ---------------  -------- 
models                  24/1024         1152/49152    ( 2.3%) 
brushes               1788/8192        21456/98304    (21.8%) 
brushsides           12991/81920      103928/655360   (15.9%) 
planes                8052/65536      161040/1310720  (12.3%) 
vertexes             13619/65536      163428/786432   (20.8%) 
nodes                 3464/65536      110848/2097152  ( 5.3%) 
texinfos              3030/12288      218160/884736   (24.7%) 
texdata                191/4096         6112/131072   ( 4.7%) 
dispinfos              220/0           38720/0        ( 0.0%) 
disp_verts           16700/0          334000/0        ( 0.0%) 
disp_tris            26240/0           52480/0        ( 0.0%) 
disp_multiblend          0/0               0/0        ( 0.0%) 
disp_lmsamples      176072/0          176072/0        ( 0.0%) 
faces                 6755/65536      378280/3670016  (10.3%) 
hdr faces                0/65536           0/3670016  ( 0.0%) 
origfaces             4816/65536      269696/3670016  ( 7.3%) 
facebrushes            720/0            1440/0        ( 0.0%) 
facebrushlists        6755/0           27020/0        ( 0.0%) 
leaves                3489/65536      111648/2097152  ( 5.3%) 
leaffaces             8368/65536       16736/131072   (12.8%) 
leafbrushes           5758/65536       11516/131072   ( 8.8%) 
areas                    2/1024           16/8192     ( 0.2%) 
surfedges            53105/512000     212420/2048000  (10.4%) 
edges                34058/256000     136232/1024000  (13.3%) 
LDR worldlights          5/8192          500/819200   ( 0.1%) 
HDR worldlights          0/8192            0/819200   ( 0.0%) 
leafwaterdata            0/32768           0/393216   ( 0.0%) 
waterstrips            719/32768        7190/327680   ( 2.2%) 
waterverts               0/65536           0/786432   ( 0.0%) 
waterindices         16581/65536       33162/131072   (25.3%) 
cubemapsamples           0/1024            0/16384    ( 0.0%) 
overlays                51/1024        17952/360448   ( 5.0%) 
LDR lightdata         [variable]     4529044/0        ( 0.0%) 
HDR lightdata         [variable]           0/0        ( 0.0%) 
visdata               [variable]      609442/16777216 ( 3.6%) 
entdata               [variable]       42725/393216   (10.9%) 
LDR ambient table     3489/65536       13956/262144   ( 5.3%) 
HDR ambient table     3489/65536       13956/262144   ( 5.3%) 
LDR leaf ambient     14160/65536      396480/1835008  (21.6%) 
HDR leaf ambient      3489/65536       97692/1835008  ( 5.3%) 
occluders                0/0               0/0        ( 0.0%) 
occluder polygons        0/0               0/0        ( 0.0%) 
occluder vert ind        0/0               0/0        ( 0.0%) 
detail props          [variable]           1/12       ( 8.3%) 
static props          [variable]           1/186402   ( 0.0%) 
pakfile               [variable]    18743384/0        ( 0.0%) 
physics               [variable]      719389/4194304  (17.2%) 
physics terrain       [variable]       15540/1048576  ( 1.5%) 

Level flags = 7d

Total triangle count: 20446
Writing c:\csgo\csgo_de_fresco\de_fresco.bsp
MSG_FILEWRITE - Filesystem was asked to write to 'c:\csgo\csgo_de_fresco\de_fresco.bsp', but we don't own that location. Allowing...
2 minutes, 41 seconds elapsed
